<?xml version="1.0" encoding="UTF-8"?>
<!-- Generated by org.testng.reporters.JUnitReportReporter -->
<testsuite hostname="DESKTOP-AAOGIMI" failures="0" tests="2" name="tests.LoginTest" time="46.509" errors="0" timestamp="2025-04-18T21:55:31 PKT" skipped="0">
  <testcase classname="tests.LoginTest" name="testInvalidLogin" time="26.928"/>
  <testcase classname="tests.LoginTest" name="testValidLogin" time="19.581"/>
</testsuite> <!-- tests.LoginTest -->
