<?xml version="1.0" encoding="UTF-8"?>
<!-- Generated by org.testng.reporters.JUnitReportReporter -->
<testsuite hostname="DESKTOP-AAOGIMI" failures="0" tests="5" name="tests.JavaScriptAlertsTest" time="31.398" errors="0" timestamp="2025-04-18T22:37:10 PKT" skipped="0">
  <testcase classname="tests.JavaScriptAlertsTest" name="testJSPromptAccept" time="6.507"/>
  <testcase classname="tests.JavaScriptAlertsTest" name="testJSAlert" time="6.292"/>
  <testcase classname="tests.JavaScriptAlertsTest" name="testJSPromptDismiss" time="6.084"/>
  <testcase classname="tests.JavaScriptAlertsTest" name="testJSConfirmAccept" time="5.839"/>
  <testcase classname="tests.JavaScriptAlertsTest" name="testJSConfirmDismiss" time="6.676"/>
</testsuite> <!-- tests.JavaScriptAlertsTest -->
