<?xml version="1.0" encoding="UTF-8"?>
<!-- Generated by org.testng.reporters.JUnitReportReporter -->
<testsuite hostname="DESKTOP-AAOGIMI" failures="0" tests="3" name="tests.TableTest" time="18.890" errors="0" timestamp="2025-04-18T22:24:41 PKT" skipped="0">
  <testcase classname="tests.TableTest" name="testPrintAllLastNames" time="6.049"/>
  <testcase classname="tests.TableTest" name="testExtractGenericTableData" time="5.509"/>
  <testcase classname="tests.TableTest" name="testVerifySpecificNameExists" time="7.332"/>
</testsuite> <!-- tests.TableTest -->
